# JRE version: Java(TM) SE Runtime Environment (8.0_66-b17) (build 1.8.0_66-b17)
# Java VM: Java HotSpot(TM) Client VM (25.66-b17 mixed mode windows-x86 )
Heap:
 def new generation   total 39424K, used 21051K [0x10200000, 0x12cc0000, 0x1aca0000)
  eden space 35072K,  60% used [0x10200000, 0x1168e490, 0x12440000)
  from space 4352K,   0% used [0x12440000, 0x12440860, 0x12880000)
  to   space 4352K,   0% used [0x12880000, 0x12880000, 0x12cc0000)
 tenured generation   total 87424K, used 44979K [0x1aca0000, 0x20200000, 0x30200000)
   the space 87424K,  51% used [0x1aca0000, 0x1d88cdc8, 0x1d88ce00, 0x20200000)
 Metaspace       used 20176K, capacity 20673K, committed 20864K, reserved 20864K
GC Heap History (10 events):
Event: 209221.520 GC heap before
{Heap before GC invocations=63820 (full 2):
 def new generation   total 39424K, used 35075K [0x10200000, 0x12cc0000, 0x1aca0000)
  eden space 35072K, 100% used [0x10200000, 0x12440000, 0x12440000)
  from space 4352K,   0% used [0x12880000, 0x12880fb0, 0x12cc0000)
  to   space 4352K,   0% used [0x12440000, 0x12440000, 0x12880000)
 tenured generation   total 87424K, used 44979K [0x1aca0000, 0x20200000, 0x30200000)
   the space 87424K,  51% used [0x1aca0000, 0x1d88cdc8, 0x1d88ce00, 0x20200000)
 Metaspace       used 20176K, capacity 20673K, committed 20864K, reserved 20864K
Event: 209221.521 GC heap after
Heap after GC invocations=63821 (full 2):
 def new generation   total 39424K, used 2K [0x10200000, 0x12cc0000, 0x1aca0000)
  eden space 35072K,   0% used [0x10200000, 0x10200000, 0x12440000)
  from space 4352K,   0% used [0x12440000, 0x12440860, 0x12880000)
  to   space 4352K,   0% used [0x12880000, 0x12880000, 0x12cc0000)
 tenured generation   total 87424K, used 44979K [0x1aca0000, 0x20200000, 0x30200000)
   the space 87424K,  51% used [0x1aca0000, 0x1d88cdc8, 0x1d88ce00, 0x20200000)
 Metaspace       used 20176K, capacity 20673K, committed 20864K, reserved 20864K
}
Event: 209223.916 GC heap before
{Heap before GC invocations=63821 (full 2):
 def new generation   total 39424K, used 35074K [0x10200000, 0x12cc0000, 0x1aca0000)
  eden space 35072K, 100% used [0x10200000, 0x12440000, 0x12440000)
  from space 4352K,   0% used [0x12440000, 0x12440860, 0x12880000)
  to   space 4352K,   0% used [0x12880000, 0x12880000, 0x12cc0000)
 tenured generation   total 87424K, used 44979K [0x1aca0000, 0x20200000, 0x30200000)
   the space 87424K,  51% used [0x1aca0000, 0x1d88cdc8, 0x1d88ce00, 0x20200000)
 Metaspace       used 20176K, capacity 20673K, committed 20864K, reserved 20864K
Event: 209223.917 GC heap after
Heap after GC invocations=63822 (full 2):
 def new generation   total 39424K, used 2K [0x10200000, 0x12cc0000, 0x1aca0000)
  eden space 35072K,   0% used [0x10200000, 0x10200000, 0x12440000)
  from space 4352K,   0% used [0x12880000, 0x12880830, 0x12cc0000)
  to   space 4352K,   0% used [0x12440000, 0x12440000, 0x12880000)
 tenured generation   total 87424K, used 44979K [0x1aca0000, 0x20200000, 0x30200000)
   the space 87424K,  51% used [0x1aca0000, 0x1d88cdc8, 0x1d88ce00, 0x20200000)
 Metaspace       used 20176K, capacity 20673K, committed 20864K, reserved 20864K
}
Event: 209226.331 GC heap before
{Heap before GC invocations=63822 (full 2):
 def new generation   total 39424K, used 35074K [0x10200000, 0x12cc0000, 0x1aca0000)
  eden space 35072K, 100% used [0x10200000, 0x12440000, 0x12440000)
  from space 4352K,   0% used [0x12880000, 0x12880830, 0x12cc0000)
  to   space 4352K,   0% used [0x12440000, 0x12440000, 0x12880000)
 tenured generation   total 87424K, used 44979K [0x1aca0000, 0x20200000, 0x30200000)
   the space 87424K,  51% used [0x1aca0000, 0x1d88cdc8, 0x1d88ce00, 0x20200000)
 Metaspace       used 20176K, capacity 20673K, committed 20864K, reserved 20864K
Event: 209226.332 GC heap after
Heap after GC invocations=63823 (full 2):
 def new generation   total 39424K, used 2K [0x10200000, 0x12cc0000, 0x1aca0000)
  eden space 35072K,   0% used [0x10200000, 0x10200000, 0x12440000)
  from space 4352K,   0% used [0x12440000, 0x12440850, 0x12880000)
  to   space 4352K,   0% used [0x12880000, 0x12880000, 0x12cc0000)
 tenured generation   total 87424K, used 44979K [0x1aca0000, 0x20200000, 0x30200000)
   the space 87424K,  51% used [0x1aca0000, 0x1d88cdc8, 0x1d88ce00, 0x20200000)
 Metaspace       used 20176K, capacity 20673K, committed 20864K, reserved 20864K
}
Event: 209228.758 GC heap before
{Heap before GC invocations=63823 (full 2):
 def new generation   total 39424K, used 35074K [0x10200000, 0x12cc0000, 0x1aca0000)
  eden space 35072K, 100% used [0x10200000, 0x12440000, 0x12440000)
  from space 4352K,   0% used [0x12440000, 0x12440850, 0x12880000)
  to   space 4352K,   0% used [0x12880000, 0x12880000, 0x12cc0000)
 tenured generation   total 87424K, used 44979K [0x1aca0000, 0x20200000, 0x30200000)
   the space 87424K,  51% used [0x1aca0000, 0x1d88cdc8, 0x1d88ce00, 0x20200000)
 Metaspace       used 20176K, capacity 20673K, committed 20864K, reserved 20864K
Event: 209228.758 GC heap after
Heap after GC invocations=63824 (full 2):
 def new generation   total 39424K, used 2K [0x10200000, 0x12cc0000, 0x1aca0000)
  eden space 35072K,   0% used [0x10200000, 0x10200000, 0x12440000)
  from space 4352K,   0% used [0x12880000, 0x12880830, 0x12cc0000)
  to   space 4352K,   0% used [0x12440000, 0x12440000, 0x12880000)
 tenured generation   total 87424K, used 44979K [0x1aca0000, 0x20200000, 0x30200000)
   the space 87424K,  51% used [0x1aca0000, 0x1d88cdc8, 0x1d88ce00, 0x20200000)
 Metaspace       used 20176K, capacity 20673K, committed 20864K, reserved 20864K
}
Event: 209231.209 GC heap before
{Heap before GC invocations=63824 (full 2):
 def new generation   total 39424K, used 35074K [0x10200000, 0x12cc0000, 0x1aca0000)
  eden space 35072K, 100% used [0x10200000, 0x12440000, 0x12440000)
  from space 4352K,   0% used [0x12880000, 0x12880830, 0x12cc0000)
  to   space 4352K,   0% used [0x12440000, 0x12440000, 0x12880000)
 tenured generation   total 87424K, used 44979K [0x1aca0000, 0x20200000, 0x30200000)
   the space 87424K,  51% used [0x1aca0000, 0x1d88cdc8, 0x1d88ce00, 0x20200000)
 Metaspace       used 20176K, capacity 20673K, committed 20864K, reserved 20864K
Event: 209231.210 GC heap after
Heap after GC invocations=63825 (full 2):
 def new generation   total 39424K, used 2K [0x10200000, 0x12cc0000, 0x1aca0000)
  eden space 35072K,   0% used [0x10200000, 0x10200000, 0x12440000)
  from space 4352K,   0% used [0x12440000, 0x12440860, 0x12880000)
  to   space 4352K,   0% used [0x12880000, 0x12880000, 0x12cc0000)
 tenured generation   total 87424K, used 44979K [0x1aca0000, 0x20200000, 0x30200000)
   the space 87424K,  51% used [0x1aca0000, 0x1d88cdc8, 0x1d88ce00, 0x20200000)
 Metaspace       used 20176K, capacity 20673K, committed 20864K, reserved 20864K
}

